2026-01-02 01:41:50 [main] INFO  c.h.b.BookingServiceApplication - Starting BookingServiceApplication using Java 21.0.5 with PID 33296 (C:\Users\HP\hotel-management-systeme\microservices\booking-service\booking-service\target\classes started by HP in C:\Users\HP\hotel-management-systeme\microservices\booking-service\booking-service)
2026-01-02 01:41:50 [main] DEBUG c.h.b.BookingServiceApplication - Running with Spring Boot v3.2.1, Spring v6.1.2
2026-01-02 01:41:50 [main] INFO  c.h.b.BookingServiceApplication - No active profile set, falling back to 1 default profile: "default"
2026-01-02 01:41:52 [main] INFO  o.s.d.r.c.RepositoryConfigurationDelegate - Bootstrapping Spring Data JPA repositories in DEFAULT mode.
2026-01-02 01:41:52 [main] INFO  o.s.d.r.c.RepositoryConfigurationDelegate - Finished Spring Data repository scanning in 262 ms. Found 1 JPA repository interface.
2026-01-02 01:41:53 [main] INFO  o.s.cloud.context.scope.GenericScope - BeanFactory id=fc3f290f-ad47-3b77-a4f7-08b46fc84fb8
2026-01-02 01:41:53 [main] WARN  o.s.c.s.PostProcessorRegistrationDelegate$BeanPostProcessorChecker - Bean 'org.springframework.cloud.client.loadbalancer.LoadBalancerAutoConfiguration$DeferringLoadBalancerInterceptorConfig' of type [org.springframework.cloud.client.loadbalancer.LoadBalancerAutoConfiguration$DeferringLoadBalancerInterceptorConfig] is not eligible for getting processed by all BeanPostProcessors (for example: not eligible for auto-proxying). The currently created BeanPostProcessor [lbRestClientPostProcessor] is declared through a non-static factory method on that class; consider declaring it as static instead.
2026-01-02 01:41:54 [main] WARN  o.s.c.s.PostProcessorRegistrationDelegate$BeanPostProcessorChecker - Bean 'deferringLoadBalancerInterceptor' of type [org.springframework.cloud.client.loadbalancer.DeferringLoadBalancerInterceptor] is not eligible for getting processed by all BeanPostProcessors (for example: not eligible for auto-proxying). Is this bean getting eagerly injected into a currently created BeanPostProcessor [lbRestClientPostProcessor]? Check the corresponding BeanPostProcessor declaration and its dependencies.
2026-01-02 01:41:54 [main] INFO  o.s.b.w.e.tomcat.TomcatWebServer - Tomcat initialized with port 8082 (http)
2026-01-02 01:41:54 [main] INFO  o.a.catalina.core.StandardService - Starting service [Tomcat]
2026-01-02 01:41:54 [main] INFO  o.a.catalina.core.StandardEngine - Starting Servlet engine: [Apache Tomcat/10.1.17]
2026-01-02 01:41:54 [main] INFO  o.a.c.c.C.[Tomcat].[localhost].[/] - Initializing Spring embedded WebApplicationContext
2026-01-02 01:41:54 [main] INFO  o.s.b.w.s.c.ServletWebServerApplicationContext - Root WebApplicationContext: initialization completed in 3933 ms
2026-01-02 01:41:56 [main] INFO  o.s.o.j.p.SpringPersistenceUnitInfo - No LoadTimeWeaver setup: ignoring JPA class transformer
2026-01-02 01:41:56 [main] INFO  com.zaxxer.hikari.HikariDataSource - HikariPool-1 - Starting...
2026-01-02 01:41:56 [main] INFO  com.zaxxer.hikari.pool.HikariPool - HikariPool-1 - Added connection org.postgresql.jdbc.PgConnection@eb6ccbc
2026-01-02 01:41:56 [main] INFO  com.zaxxer.hikari.HikariDataSource - HikariPool-1 - Start completed.
2026-01-02 01:41:56 [main] WARN  org.hibernate.orm.deprecation - HHH90000025: PostgreSQLDialect does not need to be specified explicitly using 'hibernate.dialect' (remove the property setting and it will be selected by default)
2026-01-02 01:41:58 [main] INFO  o.s.o.j.LocalContainerEntityManagerFactoryBean - Initialized JPA EntityManagerFactory for persistence unit 'default'
2026-01-02 01:41:58 [main] INFO  o.s.d.j.r.query.QueryEnhancerFactory - Hibernate is in classpath; If applicable, HQL parser will be used.
2026-01-02 01:42:00 [main] WARN  o.s.b.a.o.j.JpaBaseConfiguration$JpaWebConfiguration - spring.jpa.open-in-view is enabled by default. Therefore, database queries may be performed during view rendering. Explicitly configure spring.jpa.open-in-view to disable this warning
2026-01-02 01:42:01 [main] INFO  o.s.cloud.commons.util.InetUtils - Cannot determine local hostname
2026-01-02 01:42:01 [main] INFO  o.s.c.o.FeignClientFactoryBean - For 'room-service' URL not provided. Will try picking an instance via load-balancing.
2026-01-02 01:42:01 [main] INFO  o.s.c.o.FeignClientFactoryBean - For 'customer-service' URL not provided. Will try picking an instance via load-balancing.
2026-01-02 01:42:04 [main] INFO  o.s.cloud.commons.util.InetUtils - Cannot determine local hostname
2026-01-02 01:42:04 [main] INFO  o.s.c.n.e.c.DiscoveryClientOptionalArgsConfiguration - Eureka HTTP Client uses RestTemplate.
2026-01-02 01:42:04 [main] WARN  o.s.c.l.c.LoadBalancerCacheAutoConfiguration$LoadBalancerCaffeineWarnLogger - Spring Cloud LoadBalancer is currently working with the default cache. While this cache implementation is useful for development and tests, it's recommended to use Caffeine cache in production.You can switch to using Caffeine cache, by adding it and org.springframework.cache.caffeine.CaffeineCacheManager to the classpath.
2026-01-02 01:42:05 [main] INFO  o.s.b.a.e.web.EndpointLinksResolver - Exposing 4 endpoint(s) beneath base path '/actuator'
2026-01-02 01:42:05 [main] INFO  o.s.c.n.eureka.InstanceInfoFactory - Setting initial instance status as: STARTING
2026-01-02 01:42:05 [main] INFO  c.netflix.discovery.DiscoveryClient - Initializing Eureka in region us-east-1
2026-01-02 01:42:05 [main] INFO  c.n.d.s.r.aws.ConfigClusterResolver - Resolving eureka endpoints via configuration
2026-01-02 01:42:05 [main] INFO  c.netflix.discovery.DiscoveryClient - Disable delta property : false
2026-01-02 01:42:05 [main] INFO  c.netflix.discovery.DiscoveryClient - Single vip registry refresh property : null
2026-01-02 01:42:05 [main] INFO  c.netflix.discovery.DiscoveryClient - Force full registry fetch : false
2026-01-02 01:42:05 [main] INFO  c.netflix.discovery.DiscoveryClient - Application is null : false
2026-01-02 01:42:05 [main] INFO  c.netflix.discovery.DiscoveryClient - Registered Applications size is zero : true
2026-01-02 01:42:05 [main] INFO  c.netflix.discovery.DiscoveryClient - Application version is -1: true
2026-01-02 01:42:05 [main] INFO  c.netflix.discovery.DiscoveryClient - Getting all instance registry info from the eureka server
2026-01-02 01:42:05 [main] INFO  c.netflix.discovery.DiscoveryClient - The response status is 200
2026-01-02 01:42:05 [main] INFO  c.netflix.discovery.DiscoveryClient - Starting heartbeat executor: renew interval is: 30
2026-01-02 01:42:05 [main] INFO  c.n.discovery.InstanceInfoReplicator - InstanceInfoReplicator onDemand update allowed rate per min is 4
2026-01-02 01:42:05 [main] INFO  c.netflix.discovery.DiscoveryClient - Discovery Client initialized at timestamp 1767314525610 with initial instances count: 4
2026-01-02 01:42:05 [main] INFO  o.s.c.n.e.s.EurekaServiceRegistry - Registering application BOOKING-SERVICE with eureka with status UP
2026-01-02 01:42:05 [main] INFO  c.netflix.discovery.DiscoveryClient - Saw local status change event StatusChangeEvent [timestamp=1767314525630, current=UP, previous=STARTING]
2026-01-02 01:42:05 [DiscoveryClient-InstanceInfoReplicator-%d] INFO  c.netflix.discovery.DiscoveryClient - DiscoveryClient_BOOKING-SERVICE/localhost:booking-service:8082: registering service...
2026-01-02 01:42:05 [main] INFO  o.s.b.w.e.tomcat.TomcatWebServer - Tomcat started on port 8082 (http) with context path ''
2026-01-02 01:42:05 [main] INFO  o.s.c.n.e.s.EurekaAutoServiceRegistration - Updating port to 8082
2026-01-02 01:42:05 [DiscoveryClient-InstanceInfoReplicator-%d] INFO  c.netflix.discovery.DiscoveryClient - DiscoveryClient_BOOKING-SERVICE/localhost:booking-service:8082 - registration status: 204
2026-01-02 01:42:06 [main] INFO  o.s.cloud.commons.util.InetUtils - Cannot determine local hostname
2026-01-02 01:42:06 [main] INFO  c.h.b.BookingServiceApplication - Started BookingServiceApplication in 21.158 seconds (process running for 22.256)
2026-01-02 01:47:05 [AsyncResolver-bootstrap-executor-%d] INFO  c.n.d.s.r.aws.ConfigClusterResolver - Resolving eureka endpoints via configuration
2026-01-02 01:52:05 [AsyncResolver-bootstrap-executor-%d] INFO  c.n.d.s.r.aws.ConfigClusterResolver - Resolving eureka endpoints via configuration
2026-01-02 01:57:05 [AsyncResolver-bootstrap-executor-%d] INFO  c.n.d.s.r.aws.ConfigClusterResolver - Resolving eureka endpoints via configuration
2026-01-02 02:02:05 [AsyncResolver-bootstrap-executor-%d] INFO  c.n.d.s.r.aws.ConfigClusterResolver - Resolving eureka endpoints via configuration
2026-01-02 02:07:05 [AsyncResolver-bootstrap-executor-%d] INFO  c.n.d.s.r.aws.ConfigClusterResolver - Resolving eureka endpoints via configuration
2026-01-02 02:12:05 [AsyncResolver-bootstrap-executor-%d] INFO  c.n.d.s.r.aws.ConfigClusterResolver - Resolving eureka endpoints via configuration
2026-01-02 02:17:05 [AsyncResolver-bootstrap-executor-%d] INFO  c.n.d.s.r.aws.ConfigClusterResolver - Resolving eureka endpoints via configuration
2026-01-02 02:22:05 [AsyncResolver-bootstrap-executor-%d] INFO  c.n.d.s.r.aws.ConfigClusterResolver - Resolving eureka endpoints via configuration
2026-01-02 02:27:05 [AsyncResolver-bootstrap-executor-%d] INFO  c.n.d.s.r.aws.ConfigClusterResolver - Resolving eureka endpoints via configuration
2026-01-02 02:32:05 [AsyncResolver-bootstrap-executor-%d] INFO  c.n.d.s.r.aws.ConfigClusterResolver - Resolving eureka endpoints via configuration
2026-01-02 02:37:05 [AsyncResolver-bootstrap-executor-%d] INFO  c.n.d.s.r.aws.ConfigClusterResolver - Resolving eureka endpoints via configuration
2026-01-02 02:42:05 [AsyncResolver-bootstrap-executor-%d] INFO  c.n.d.s.r.aws.ConfigClusterResolver - Resolving eureka endpoints via configuration
2026-01-02 02:47:05 [AsyncResolver-bootstrap-executor-%d] INFO  c.n.d.s.r.aws.ConfigClusterResolver - Resolving eureka endpoints via configuration
2026-01-02 02:52:05 [AsyncResolver-bootstrap-executor-%d] INFO  c.n.d.s.r.aws.ConfigClusterResolver - Resolving eureka endpoints via configuration
2026-01-02 02:57:05 [AsyncResolver-bootstrap-executor-%d] INFO  c.n.d.s.r.aws.ConfigClusterResolver - Resolving eureka endpoints via configuration
